<?xml version="1.0" encoding="UTF-8"?>
<!-- Generated by org.testng.reporters.JUnitReportReporter -->
<testsuite skipped="0" hostname="Admin-PC" name="july7.SuccessPercentageDemo" tests="15" failures="0" timestamp="07 Jul 2018 14:18:39 GMT" time="0.092" errors="0">
  <testcase name="successRate" time="0.005" classname="july7.SuccessPercentageDemo"/>
  <testcase name="successRate" time="0.002" classname="july7.SuccessPercentageDemo"/>
  <testcase name="successRate" time="0.003" classname="july7.SuccessPercentageDemo"/>
  <testcase name="successRate" time="0.002" classname="july7.SuccessPercentageDemo"/>
  <testcase name="successRate" time="0.002" classname="july7.SuccessPercentageDemo"/>
  <testcase name="successRate" time="0.002" classname="july7.SuccessPercentageDemo"/>
  <testcase name="normal" time="0.029" classname="july7.SuccessPercentageDemo"/>
  <testcase name="successRate" time="0.002" classname="july7.SuccessPercentageDemo"/>
  <testcase name="successRate" time="0.010" classname="july7.SuccessPercentageDemo"/>
  <testcase name="successRate" time="0.002" classname="july7.SuccessPercentageDemo"/>
  <testcase name="successRate" time="0.002" classname="july7.SuccessPercentageDemo"/>
  <testcase name="successRate" time="0.002" classname="july7.SuccessPercentageDemo"/>
  <testcase name="successRate" time="0.002" classname="july7.SuccessPercentageDemo"/>
  <testcase name="successRate" time="0.025" classname="july7.SuccessPercentageDemo"/>
  <testcase name="successRate" time="0.002" classname="july7.SuccessPercentageDemo"/>
</testsuite> <!-- july7.SuccessPercentageDemo -->
