<?xml version="1.0" encoding="UTF-8"?>
<!-- Generated by org.testng.reporters.JUnitReportReporter -->
<testsuite skipped="0" hostname="Admin-PC" name="june28.ParallelDemo" tests="2" failures="0" timestamp="28 Jun 2018 01:38:00 GMT" time="19.936" errors="0">
  <testcase name="test90" time="0.487" classname="june28.ParallelDemo"/>
  <testcase name="test1" time="19.449" classname="june28.ParallelDemo"/>
</testsuite> <!-- june28.ParallelDemo -->
