<?xml version="1.0" encoding="UTF-8"?>
<!-- Generated by org.testng.reporters.JUnitReportReporter -->
<testsuite skipped="0" hostname="Admin-PC" name="july2.DataProviderDemo" tests="4" failures="0" timestamp="02 Jul 2018 01:21:32 GMT" time="0.215" errors="0">
  <testcase name="test" time="0.032" classname="july2.DataProviderDemo"/>
  <testcase name="test" time="0.119" classname="july2.DataProviderDemo"/>
  <testcase name="test" time="0.055" classname="july2.DataProviderDemo"/>
  <testcase name="test" time="0.009" classname="july2.DataProviderDemo"/>
</testsuite> <!-- july2.DataProviderDemo -->
