<?xml version="1.0" encoding="UTF-8"?>
<!-- Generated by org.testng.reporters.JUnitReportReporter -->
<testsuite skipped="1" hostname="Admin-PC" name="june26.ParameterizeDemo" tests="3" failures="0" timestamp="28 Jun 2018 01:02:19 GMT" time="64.258" errors="1">
  <testcase name="orangeHRMLogin" time="6.102" classname="june26.ParameterizeDemo"/>
  <testcase name="orangeHRMLogin" time="0.000" classname="june26.ParameterizeDemo">
    <skipped/>
  </testcase> <!-- orangeHRMLogin -->
  <testcase name="OrangeHRMBrowserLaunch" time="58.156" classname="june26.ParameterizeDemo">
    <error type="org.openqa.selenium.json.JsonException" message="Unable to convert: Error 404: Not Found
Not Found
Build info: version: &#039;3.10.0&#039;, revision: &#039;176b4a9&#039;, time: &#039;2018-03-02T19:10:56.039Z&#039;
System info: host: &#039;ADMIN-PC&#039;, ip: &#039;192.168.0.7&#039;, os.name: &#039;Windows 7&#039;, os.arch: &#039;amd64&#039;, os.version: &#039;6.1&#039;, java.version: &#039;1.8.0_144&#039;
Driver info: driver.version: RemoteWebDriver">
      <![CDATA[org.openqa.selenium.json.JsonException: Unable to convert: Error 404: Not Found
Not Found
Build info: version: '3.10.0', revision: '176b4a9', time: '2018-03-02T19:10:56.039Z'
System info: host: 'ADMIN-PC', ip: '192.168.0.7', os.name: 'Windows 7', os.arch: 'amd64', os.version: '6.1', java.version: '1.8.0_144'
Driver info: driver.version: RemoteWebDriver
at com.google.gson.JsonParser.parse(JsonParser.java:65)
at com.google.gson.JsonParser.parse(JsonParser.java:45)
at org.openqa.selenium.json.JsonToBeanConverter.convert(JsonToBeanConverter.java:201)
at org.openqa.selenium.json.JsonToBeanConverter.convert(JsonToBeanConverter.java:55)
at org.openqa.selenium.json.Json.toType(Json.java:80)
at org.openqa.selenium.remote.http.W3CHttpResponseCodec.decode(W3CHttpResponseCodec.java:87)
at org.openqa.selenium.remote.http.W3CHttpResponseCodec.decode(W3CHttpResponseCodec.java:49)
at org.openqa.selenium.remote.HttpCommandExecutor.execute(HttpCommandExecutor.java:160)
at org.openqa.selenium.remote.service.DriverCommandExecutor.execute(DriverCommandExecutor.java:83)
at org.openqa.selenium.remote.RemoteWebDriver.execute(RemoteWebDriver.java:601)
at org.openqa.selenium.remote.RemoteWebDriver.get(RemoteWebDriver.java:325)
at june26.ParameterizeDemo.OrangeHRMBrowserLaunch(ParameterizeDemo.java:40)
at sun.reflect.NativeMethodAccessorImpl.invoke0(Native Method)
at sun.reflect.NativeMethodAccessorImpl.invoke(Unknown Source)
at sun.reflect.DelegatingMethodAccessorImpl.invoke(Unknown Source)
at java.lang.reflect.Method.invoke(Unknown Source)
at org.testng.internal.MethodInvocationHelper.invokeMethod(MethodInvocationHelper.java:124)
at org.testng.internal.MethodInvocationHelper.invokeMethodConsideringTimeout(MethodInvocationHelper.java:59)
at org.testng.internal.Invoker.invokeConfigurationMethod(Invoker.java:455)
at org.testng.internal.Invoker.invokeConfigurations(Invoker.java:222)
at org.testng.internal.Invoker.invokeConfigurations(Invoker.java:142)
at org.testng.internal.TestMethodWorker.invokeBeforeClassMethods(TestMethodWorker.java:168)
at org.testng.internal.TestMethodWorker.run(TestMethodWorker.java:105)
at org.testng.TestRunner.privateRun(TestRunner.java:648)
at org.testng.TestRunner.run(TestRunner.java:505)
at org.testng.SuiteRunner.runTest(SuiteRunner.java:455)
at org.testng.SuiteRunner.access$000(SuiteRunner.java:40)
at org.testng.SuiteRunner$SuiteWorker.run(SuiteRunner.java:489)
at org.testng.internal.thread.ThreadUtil$1.call(ThreadUtil.java:52)
at java.util.concurrent.FutureTask.run(Unknown Source)
at java.util.concurrent.ThreadPoolExecutor.runWorker(Unknown Source)
at java.util.concurrent.ThreadPoolExecutor$Worker.run(Unknown Source)
at java.lang.Thread.run(Unknown Source)
Caused by: com.google.gson.JsonSyntaxException: com.google.gson.stream.MalformedJsonException: Use JsonReader.setLenient(true) to accept malformed JSON at line 1 column 8 path $
... 33 more
Caused by: com.google.gson.stream.MalformedJsonException: Use JsonReader.setLenient(true) to accept malformed JSON at line 1 column 8 path $
at com.google.gson.stream.JsonReader.syntaxError(JsonReader.java:1568)
at com.google.gson.stream.JsonReader.checkLenient(JsonReader.java:1409)
at com.google.gson.stream.JsonReader.doPeek(JsonReader.java:542)
at com.google.gson.stream.JsonReader.peek(JsonReader.java:425)
at com.google.gson.JsonParser.parse(JsonParser.java:60)
... 32 more
]]>
    </error>
  </testcase> <!-- OrangeHRMBrowserLaunch -->
</testsuite> <!-- june26.ParameterizeDemo -->
