<?xml version="1.0" encoding="UTF-8"?>
<!-- Generated by org.testng.reporters.JUnitReportReporter -->
<testsuite skipped="0" hostname="Admin-PC" name="miscScripts.AnnotationsDemo" tests="1" failures="0" timestamp="22 Jun 2018 01:40:51 GMT" time="0.027" errors="0">
  <testcase name="addEmployee" time="0.027" classname="miscScripts.AnnotationsDemo"/>
</testsuite> <!-- miscScripts.AnnotationsDemo -->
