<?xml version="1.0" encoding="UTF-8"?>
<!-- Generated by org.testng.reporters.JUnitReportReporter -->
<testsuite skipped="0" hostname="Admin-PC" name="july3.AssertDemo" tests="3" failures="0" timestamp="03 Jul 2018 01:32:38 GMT" time="21.631" errors="0">
  <testcase name="test" time="21.596" classname="july3.AssertDemo"/>
  <testcase name="test2" time="0.019" classname="july3.AssertDemo"/>
  <testcase name="test3" time="0.016" classname="july3.AssertDemo"/>
</testsuite> <!-- july3.AssertDemo -->
