<?xml version="1.0" encoding="UTF-8"?>
<!-- Generated by org.testng.reporters.JUnitReportReporter -->
<testsuite skipped="1" hostname="Admin-PC" name="june29.TestAttributesDemo" tests="8" failures="0" timestamp="29 Jun 2018 01:27:39 GMT" time="1.094" errors="1">
  <testcase name="test202" time="0.005" classname="june29.TestAttributesDemo"/>
  <testcase name="test204" time="0.020" classname="june29.TestAttributesDemo"/>
  <testcase name="test202" time="0.002" classname="june29.TestAttributesDemo"/>
  <testcase name="test201" time="1.025" classname="june29.TestAttributesDemo">
    <error type="org.testng.internal.thread.ThreadTimeoutException" message="Method june29.TestAttributesDemo.test201() didn&#039;t finish within the time-out 1000">
      <![CDATA[org.testng.internal.thread.ThreadTimeoutException: Method june29.TestAttributesDemo.test201() didn't finish within the time-out 1000
]]>
    </error>
  </testcase> <!-- test201 -->
  <testcase name="test202" time="0.002" classname="june29.TestAttributesDemo"/>
  <testcase name="test200" time="0.037" classname="june29.TestAttributesDemo"/>
  <testcase name="test205" time="0.003" classname="june29.TestAttributesDemo"/>
  <testcase name="test203" classname="june29.TestAttributesDemo">
    <skipped/>
  </testcase> <!-- test203 -->
</testsuite> <!-- june29.TestAttributesDemo -->
