<?xml version="1.0" encoding="UTF-8"?>
<!-- Generated by org.testng.reporters.JUnitReportReporter -->
<testsuite skipped="0" hostname="Admin-PC" name="july8.AutoITDemo" tests="1" failures="0" timestamp="08 Jul 2018 18:18:57 GMT" time="15.405" errors="0">
  <testcase name="test" time="15.405" classname="july8.AutoITDemo"/>
</testsuite> <!-- july8.AutoITDemo -->
