<?xml version="1.0" encoding="UTF-8"?>
<!-- Generated by org.testng.reporters.JUnitReportReporter -->
<testsuite skipped="0" hostname="Admin-PC" name="july8.SuccessPercentageDemo" tests="15" failures="0" timestamp="08 Jul 2018 01:21:22 GMT" time="0.182" errors="0">
  <testcase name="repeat" time="0.003" classname="july8.SuccessPercentageDemo"/>
  <testcase name="repeat" time="0.002" classname="july8.SuccessPercentageDemo"/>
  <testcase name="repeat" time="0.046" classname="july8.SuccessPercentageDemo"/>
  <testcase name="repeat" time="0.002" classname="july8.SuccessPercentageDemo"/>
  <testcase name="repeat" time="0.002" classname="july8.SuccessPercentageDemo"/>
  <testcase name="repeat" time="0.011" classname="july8.SuccessPercentageDemo"/>
  <testcase name="repeat" time="0.058" classname="july8.SuccessPercentageDemo"/>
  <testcase name="repeat" time="0.032" classname="july8.SuccessPercentageDemo"/>
  <testcase name="repeat" time="0.003" classname="july8.SuccessPercentageDemo"/>
  <testcase name="repeat" time="0.011" classname="july8.SuccessPercentageDemo"/>
  <testcase name="repeat" time="0.002" classname="july8.SuccessPercentageDemo"/>
  <testcase name="repeat" time="0.003" classname="july8.SuccessPercentageDemo"/>
  <testcase name="repeat" time="0.002" classname="july8.SuccessPercentageDemo"/>
  <testcase name="repeat" time="0.003" classname="july8.SuccessPercentageDemo"/>
  <testcase name="repeat" time="0.002" classname="july8.SuccessPercentageDemo"/>
</testsuite> <!-- july8.SuccessPercentageDemo -->
