<?xml version="1.0" encoding="UTF-8"?>
<!-- Generated by org.testng.reporters.JUnitReportReporter -->
<testsuite skipped="0" hostname="Admin-PC" name="june23.TestNGSample" tests="1" failures="0" timestamp="28 Jun 2018 02:00:37 GMT" time="0.130" errors="0">
  <testcase name="test" time="0.130" classname="june23.TestNGSample"/>
</testsuite> <!-- june23.TestNGSample -->
