<?xml version="1.0" encoding="UTF-8"?>
<!-- Generated by org.testng.reporters.JUnitReportReporter -->
<testsuite skipped="0" hostname="Admin-PC" name="june23.AnnotationsDemo" tests="3" failures="0" timestamp="28 Jun 2018 02:00:37 GMT" time="0.069" errors="0">
  <testcase name="addEmployee" time="0.037" classname="june23.AnnotationsDemo"/>
  <testcase name="editEmployee" time="0.028" classname="june23.AnnotationsDemo"/>
  <testcase name="deleteEmployee" time="0.004" classname="june23.AnnotationsDemo"/>
</testsuite> <!-- june23.AnnotationsDemo -->
