<?xml version="1.0" encoding="UTF-8"?>
<!-- Generated by org.testng.reporters.JUnitReportReporter -->
<testsuite skipped="0" hostname="Admin-PC" name="june29.GroupsDemo" tests="2" failures="0" timestamp="29 Jun 2018 01:09:13 GMT" time="0.034" errors="0">
  <testcase name="test5" time="0.002" classname="june29.GroupsDemo"/>
  <testcase name="test3" time="0.032" classname="june29.GroupsDemo"/>
</testsuite> <!-- june29.GroupsDemo -->
