<?xml version="1.0" encoding="UTF-8"?>
<!-- Generated by org.testng.reporters.JUnitReportReporter -->
<testsuite skipped="0" hostname="Admin-PC" name="miscScripts.TestNGDemo" tests="3" failures="0" timestamp="23 Jun 2018 01:01:48 GMT" time="0.044" errors="0">
  <testcase name="demo" time="0.031" classname="miscScripts.TestNGDemo"/>
  <testcase name="demo2" time="0.009" classname="miscScripts.TestNGDemo"/>
  <testcase name="demo3" time="0.004" classname="miscScripts.TestNGDemo"/>
</testsuite> <!-- miscScripts.TestNGDemo -->
