<?xml version="1.0" encoding="UTF-8"?>
<!-- Generated by org.testng.reporters.JUnitReportReporter -->
<testsuite skipped="0" hostname="Admin-PC" name="june29.GroupsDemo1" tests="2" failures="0" timestamp="29 Jun 2018 00:58:00 GMT" time="0.004" errors="0">
  <testcase name="test90" time="0.002" classname="june29.GroupsDemo1"/>
  <testcase name="test91" time="0.002" classname="june29.GroupsDemo1"/>
</testsuite> <!-- june29.GroupsDemo1 -->
