<?xml version="1.0" encoding="UTF-8"?>
<!-- Generated by org.testng.reporters.JUnitReportReporter -->
<testsuite skipped="0" hostname="Admin-PC" name="june28.ParallelDemo1" tests="2" failures="0" timestamp="28 Jun 2018 01:38:00 GMT" time="92.019" errors="0">
  <testcase name="test100" time="91.483" classname="june28.ParallelDemo1"/>
  <testcase name="test91" time="0.536" classname="june28.ParallelDemo1"/>
</testsuite> <!-- june28.ParallelDemo1 -->
