<?xml version="1.0" encoding="UTF-8"?>
<!-- Generated by org.testng.reporters.JUnitReportReporter -->
<testsuite skipped="0" hostname="Admin-PC" name="july8.HandleAutoIT" tests="1" failures="0" timestamp="08 Jul 2018 18:51:58 GMT" time="201.271" errors="0">
  <testcase name="test" time="201.271" classname="july8.HandleAutoIT"/>
</testsuite> <!-- july8.HandleAutoIT -->
