<?xml version="1.0" encoding="UTF-8"?>
<!-- Generated by org.testng.reporters.JUnitReportReporter -->
<testsuite skipped="0" hostname="Admin-PC" name="july5.SampleTestCase2" tests="8" failures="0" timestamp="05 Jul 2018 01:41:34 GMT" time="0.063" errors="0">
  <testcase name="test90" time="0.031" classname="july5.SampleTestCase2"/>
  <testcase name="test90" time="0.003" classname="july5.SampleTestCase2"/>
  <testcase name="test91" time="0.012" classname="july5.SampleTestCase2"/>
  <testcase name="test91" time="0.003" classname="july5.SampleTestCase2"/>
  <testcase name="test92" time="0.006" classname="july5.SampleTestCase2"/>
  <testcase name="test92" time="0.002" classname="july5.SampleTestCase2"/>
  <testcase name="test93" time="0.002" classname="july5.SampleTestCase2"/>
  <testcase name="test93" time="0.004" classname="july5.SampleTestCase2"/>
</testsuite> <!-- july5.SampleTestCase2 -->
