<?xml version="1.0" encoding="UTF-8"?>
<!-- Generated by org.testng.reporters.JUnitReportReporter -->
<testsuite skipped="0" hostname="Admin-PC" name="july5.SampleTestCase" tests="10" failures="0" timestamp="05 Jul 2018 01:32:41 GMT" time="0.151" errors="0">
  <testcase name="test1" time="0.040" classname="july5.SampleTestCase"/>
  <testcase name="test5" time="0.002" classname="july5.SampleTestCase"/>
  <testcase name="test4" time="0.002" classname="july5.SampleTestCase"/>
  <testcase name="test2" time="0.035" classname="july5.SampleTestCase"/>
  <testcase name="test5" time="0.003" classname="july5.SampleTestCase"/>
  <testcase name="test4" time="0.006" classname="july5.SampleTestCase"/>
  <testcase name="test3" time="0.008" classname="july5.SampleTestCase"/>
  <testcase name="test1" time="0.039" classname="july5.SampleTestCase"/>
  <testcase name="test2" time="0.007" classname="july5.SampleTestCase"/>
  <testcase name="test3" time="0.009" classname="july5.SampleTestCase"/>
</testsuite> <!-- july5.SampleTestCase -->
