<?xml version="1.0" encoding="UTF-8"?>
<!-- Generated by org.testng.reporters.JUnitReportReporter -->
<testsuite skipped="0" hostname="Admin-PC" name="miscScripts.TestNGParameterizeDemo" tests="2" failures="0" timestamp="26 Jun 2018 00:49:56 GMT" time="0.032" errors="0">
  <testcase name="demo1" time="0.030" classname="miscScripts.TestNGParameterizeDemo"/>
  <testcase name="demo2" time="0.002" classname="miscScripts.TestNGParameterizeDemo"/>
</testsuite> <!-- miscScripts.TestNGParameterizeDemo -->
