<?xml version="1.0" encoding="UTF-8"?>
<!-- Generated by org.testng.reporters.JUnitReportReporter -->
<testsuite skipped="0" hostname="Admin-PC" name="july2.MutlipleParametersDemo" tests="2" failures="0" timestamp="02 Jul 2018 01:36:33 GMT" time="0.088" errors="0">
  <testcase name="test" time="0.045" classname="july2.MutlipleParametersDemo"/>
  <testcase name="test" time="0.043" classname="july2.MutlipleParametersDemo"/>
</testsuite> <!-- july2.MutlipleParametersDemo -->
