<?xml version="1.0" encoding="UTF-8"?>
<!-- Generated by org.testng.reporters.JUnitReportReporter -->
<testsuite skipped="0" hostname="Admin-PC" name="july2.DataProviderDemo2" tests="2" failures="0" timestamp="02 Jul 2018 01:29:56 GMT" time="0.071" errors="0">
  <testcase name="test" time="0.013" classname="july2.DataProviderDemo2"/>
  <testcase name="test" time="0.058" classname="july2.DataProviderDemo2"/>
</testsuite> <!-- july2.DataProviderDemo2 -->
